{"C:\\Users\\USER\\OneDrive\\Desktop\\React\\src\\Redux\\appStore.js": {"path":"C:\\Users\\USER\\OneDrive\\Desktop\\React\\src\\Redux\\appStore.js","statementMap":{"0":{"start":{"line":4,"column":17},"end":{"line":9,"column":2}}},"fnMap":{},"branchMap":{},"s":{"0":1},"f":{},"b":{},"_coverageSchema":"1a1c01bbd47fc00a2c39e90264f33305004495a9","hash":"a5d46708f7da84c92eacc60e63cb8384857fecbb"}
,"C:\\Users\\USER\\OneDrive\\Desktop\\React\\src\\Redux\\cartSlice.js": {"path":"C:\\Users\\USER\\OneDrive\\Desktop\\React\\src\\Redux\\cartSlice.js","statementMap":{"0":{"start":{"line":3,"column":18},"end":{"line":23,"column":2}},"1":{"start":{"line":11,"column":6},"end":{"line":11,"column":39}},"2":{"start":{"line":14,"column":6},"end":{"line":14,"column":24}},"3":{"start":{"line":20,"column":6},"end":{"line":20,"column":23}},"4":{"start":{"line":25,"column":53},"end":{"line":25,"column":70}}},"fnMap":{"0":{"name":"(anonymous_0)","decl":{"start":{"line":9,"column":14},"end":{"line":9,"column":15}},"loc":{"start":{"line":9,"column":33},"end":{"line":12,"column":5}},"line":9},"1":{"name":"(anonymous_1)","decl":{"start":{"line":13,"column":17},"end":{"line":13,"column":18}},"loc":{"start":{"line":13,"column":36},"end":{"line":15,"column":5}},"line":13},"2":{"name":"(anonymous_2)","decl":{"start":{"line":17,"column":16},"end":{"line":17,"column":17}},"loc":{"start":{"line":17,"column":27},"end":{"line":21,"column":5}},"line":17}},"branchMap":{},"s":{"0":1,"1":0,"2":0,"3":0,"4":1},"f":{"0":0,"1":0,"2":0},"b":{},"_coverageSchema":"1a1c01bbd47fc00a2c39e90264f33305004495a9","hash":"d788c74b79f9b21a69e182fe82df9ae0e66dd936"}
,"C:\\Users\\USER\\OneDrive\\Desktop\\React\\src\\components\\ContactUs.js": {"path":"C:\\Users\\USER\\OneDrive\\Desktop\\React\\src\\components\\ContactUs.js","statementMap":{"0":{"start":{"line":3,"column":16},"end":{"line":14,"column":1}},"1":{"start":{"line":4,"column":2},"end":{"line":13,"column":3}}},"fnMap":{"0":{"name":"(anonymous_0)","decl":{"start":{"line":3,"column":16},"end":{"line":3,"column":17}},"loc":{"start":{"line":3,"column":21},"end":{"line":14,"column":1}},"line":3}},"branchMap":{},"s":{"0":1,"1":4},"f":{"0":4},"b":{},"_coverageSchema":"1a1c01bbd47fc00a2c39e90264f33305004495a9","hash":"92a26d3555f0089548c63d2e6c6201dd81bf164f"}
,"C:\\Users\\USER\\OneDrive\\Desktop\\React\\src\\components\\Header.js": {"path":"C:\\Users\\USER\\OneDrive\\Desktop\\React\\src\\components\\Header.js","statementMap":{"0":{"start":{"line":7,"column":15},"end":{"line":66,"column":1}},"1":{"start":{"line":10,"column":42},"end":{"line":10,"column":59}},"2":{"start":{"line":12,"column":23},"end":{"line":12,"column":40}},"3":{"start":{"line":14,"column":27},"end":{"line":14,"column":50}},"4":{"start":{"line":16,"column":20},"end":{"line":16,"column":60}},"5":{"start":{"line":16,"column":43},"end":{"line":16,"column":59}},"6":{"start":{"line":22,"column":2},"end":{"line":24,"column":9}},"7":{"start":{"line":25,"column":2},"end":{"line":65,"column":4}},"8":{"start":{"line":54,"column":14},"end":{"line":56,"column":43}}},"fnMap":{"0":{"name":"(anonymous_0)","decl":{"start":{"line":7,"column":15},"end":{"line":7,"column":16}},"loc":{"start":{"line":7,"column":21},"end":{"line":66,"column":1}},"line":7},"1":{"name":"(anonymous_1)","decl":{"start":{"line":16,"column":32},"end":{"line":16,"column":33}},"loc":{"start":{"line":16,"column":43},"end":{"line":16,"column":59}},"line":16},"2":{"name":"(anonymous_2)","decl":{"start":{"line":22,"column":12},"end":{"line":22,"column":13}},"loc":{"start":{"line":22,"column":18},"end":{"line":24,"column":3}},"line":22},"3":{"name":"(anonymous_3)","decl":{"start":{"line":52,"column":21},"end":{"line":52,"column":22}},"loc":{"start":{"line":52,"column":27},"end":{"line":57,"column":13}},"line":52}},"branchMap":{"0":{"loc":{"start":{"line":33,"column":26},"end":{"line":33,"column":51}},"type":"cond-expr","locations":[{"start":{"line":33,"column":41},"end":{"line":33,"column":44}},{"start":{"line":33,"column":47},"end":{"line":33,"column":51}}],"line":33},"1":{"loc":{"start":{"line":54,"column":14},"end":{"line":56,"column":42}},"type":"cond-expr","locations":[{"start":{"line":55,"column":18},"end":{"line":55,"column":43}},{"start":{"line":56,"column":18},"end":{"line":56,"column":42}}],"line":54}},"s":{"0":1,"1":5,"2":5,"3":5,"4":5,"5":9,"6":5,"7":5,"8":1},"f":{"0":5,"1":9,"2":4,"3":1},"b":{"0":[5,0],"1":[1,0]},"_coverageSchema":"1a1c01bbd47fc00a2c39e90264f33305004495a9","hash":"a9e9e3f18fd241f6baf02c1d7af6a8377eeb6ca9"}
,"C:\\Users\\USER\\OneDrive\\Desktop\\React\\src\\components\\RestaurentContainer.js": {"path":"C:\\Users\\USER\\OneDrive\\Desktop\\React\\src\\components\\RestaurentContainer.js","statementMap":{"0":{"start":{"line":3,"column":28},"end":{"line":21,"column":3}},"1":{"start":{"line":4,"column":20},"end":{"line":4,"column":25}},"2":{"start":{"line":6,"column":6},"end":{"line":6,"column":19}},"3":{"start":{"line":8,"column":4},"end":{"line":20,"column":6}},"4":{"start":{"line":23,"column":25},"end":{"line":34,"column":1}},"5":{"start":{"line":24,"column":0},"end":{"line":33,"column":1}},"6":{"start":{"line":27,"column":2},"end":{"line":32,"column":3}}},"fnMap":{"0":{"name":"(anonymous_0)","decl":{"start":{"line":3,"column":28},"end":{"line":3,"column":29}},"loc":{"start":{"line":3,"column":39},"end":{"line":21,"column":3}},"line":3},"1":{"name":"(anonymous_1)","decl":{"start":{"line":23,"column":25},"end":{"line":23,"column":26}},"loc":{"start":{"line":23,"column":49},"end":{"line":34,"column":1}},"line":23},"2":{"name":"(anonymous_2)","decl":{"start":{"line":24,"column":7},"end":{"line":24,"column":8}},"loc":{"start":{"line":24,"column":17},"end":{"line":33,"column":1}},"line":24}},"branchMap":{},"s":{"0":1,"1":2,"2":2,"3":2,"4":1,"5":1,"6":1},"f":{"0":2,"1":1,"2":1},"b":{},"_coverageSchema":"1a1c01bbd47fc00a2c39e90264f33305004495a9","hash":"12a245f0ee17b28d5157ac994a44d796d312642a"}
,"C:\\Users\\USER\\OneDrive\\Desktop\\React\\src\\components\\sum.js": {"path":"C:\\Users\\USER\\OneDrive\\Desktop\\React\\src\\components\\sum.js","statementMap":{"0":{"start":{"line":1,"column":20},"end":{"line":3,"column":1}},"1":{"start":{"line":2,"column":4},"end":{"line":2,"column":17}}},"fnMap":{"0":{"name":"(anonymous_0)","decl":{"start":{"line":1,"column":20},"end":{"line":1,"column":21}},"loc":{"start":{"line":1,"column":29},"end":{"line":3,"column":1}},"line":1}},"branchMap":{},"s":{"0":1,"1":1},"f":{"0":1},"b":{},"_coverageSchema":"1a1c01bbd47fc00a2c39e90264f33305004495a9","hash":"00a7c8eca27684be31b4ed422af0719d14db5198"}
,"C:\\Users\\USER\\OneDrive\\Desktop\\React\\utilities\\UserContext.js": {"path":"C:\\Users\\USER\\OneDrive\\Desktop\\React\\utilities\\UserContext.js","statementMap":{"0":{"start":{"line":4,"column":20},"end":{"line":8,"column":1}}},"fnMap":{},"branchMap":{},"s":{"0":1},"f":{},"b":{},"_coverageSchema":"1a1c01bbd47fc00a2c39e90264f33305004495a9","hash":"5ee0b74e3bd2c2fad5f508c3371a92d9bf110849"}
,"C:\\Users\\USER\\OneDrive\\Desktop\\React\\utilities\\constants.js": {"path":"C:\\Users\\USER\\OneDrive\\Desktop\\React\\utilities\\constants.js","statementMap":{"0":{"start":{"line":3,"column":23},"end":{"line":3,"column":106}},"1":{"start":{"line":4,"column":22},"end":{"line":4,"column":116}},"2":{"start":{"line":6,"column":22},"end":{"line":6,"column":145}}},"fnMap":{},"branchMap":{},"s":{"0":2,"1":2,"2":2},"f":{},"b":{},"_coverageSchema":"1a1c01bbd47fc00a2c39e90264f33305004495a9","hash":"4d3b8fa284a76e9020b2f54d07f16f6b4722108b"}
,"C:\\Users\\USER\\OneDrive\\Desktop\\React\\utilities\\useOnlineStatus.js": {"path":"C:\\Users\\USER\\OneDrive\\Desktop\\React\\utilities\\useOnlineStatus.js","statementMap":{"0":{"start":{"line":3,"column":24},"end":{"line":15,"column":1}},"1":{"start":{"line":5,"column":43},"end":{"line":5,"column":57}},"2":{"start":{"line":6,"column":0},"end":{"line":13,"column":6}},"3":{"start":{"line":7,"column":4},"end":{"line":9,"column":6}},"4":{"start":{"line":8,"column":4},"end":{"line":8,"column":26}},"5":{"start":{"line":10,"column":4},"end":{"line":12,"column":10}},"6":{"start":{"line":11,"column":8},"end":{"line":11,"column":29}},"7":{"start":{"line":14,"column":4},"end":{"line":14,"column":24}}},"fnMap":{"0":{"name":"(anonymous_0)","decl":{"start":{"line":3,"column":24},"end":{"line":3,"column":25}},"loc":{"start":{"line":3,"column":29},"end":{"line":15,"column":1}},"line":3},"1":{"name":"(anonymous_1)","decl":{"start":{"line":6,"column":10},"end":{"line":6,"column":11}},"loc":{"start":{"line":6,"column":14},"end":{"line":13,"column":1}},"line":6},"2":{"name":"(anonymous_2)","decl":{"start":{"line":7,"column":38},"end":{"line":7,"column":39}},"loc":{"start":{"line":7,"column":42},"end":{"line":9,"column":5}},"line":7},"3":{"name":"(anonymous_3)","decl":{"start":{"line":10,"column":37},"end":{"line":10,"column":38}},"loc":{"start":{"line":10,"column":41},"end":{"line":12,"column":9}},"line":10}},"branchMap":{},"s":{"0":1,"1":5,"2":5,"3":4,"4":0,"5":4,"6":0,"7":5},"f":{"0":5,"1":4,"2":0,"3":0},"b":{},"_coverageSchema":"1a1c01bbd47fc00a2c39e90264f33305004495a9","hash":"c1750219cfe5372c92781670fa6631614390b682"}
}
